<?xml version="1.0" encoding="UTF-8"?>
<!-- Generated by org.testng.reporters.JUnitReportReporter -->
<testsuite hostname="Asam" failures="0" tests="1" name="testCases.TC_002_LoginTest" time="4.089" errors="0" timestamp="2024-07-03T19:52:29 IST" skipped="0">
  <testcase classname="testCases.TC_002_LoginTest" name="verifyLogin" time="4.089"/>
  <system-out/>
</testsuite> <!-- testCases.TC_002_LoginTest -->
